ARM GAS  C:\Users\bnusw\AppData\Local\Temp\cccI5JV6.s 			page 1


   1              		.syntax unified
   2              		.cpu cortex-m0
   3              		.fpu softvfp
   4              		.eabi_attribute 20, 1
   5              		.eabi_attribute 21, 1
   6              		.eabi_attribute 23, 3
   7              		.eabi_attribute 24, 1
   8              		.eabi_attribute 25, 1
   9              		.eabi_attribute 26, 1
  10              		.eabi_attribute 30, 1
  11              		.eabi_attribute 34, 0
  12              		.eabi_attribute 18, 4
  13              		.thumb
  14              		.syntax unified
  15              		.file	"gpio.c"
  16              		.text
  17              	.Ltext0:
  18              		.cfi_sections	.debug_frame
  19              		.section	.text.MX_GPIO_Init,"ax",%progbits
  20              		.align	2
  21              		.global	MX_GPIO_Init
  22              		.code	16
  23              		.thumb_func
  25              	MX_GPIO_Init:
  26              	.LFB40:
  27              		.file 1 "Src/gpio.c"
   1:Src/gpio.c    **** /**
   2:Src/gpio.c    ****   ******************************************************************************
   3:Src/gpio.c    ****   * @file    gpio.c
   4:Src/gpio.c    ****   * @brief   This file provides code for the configuration
   5:Src/gpio.c    ****   *          of all used GPIO pins.
   6:Src/gpio.c    ****   ******************************************************************************
   7:Src/gpio.c    ****   * @attention
   8:Src/gpio.c    ****   *
   9:Src/gpio.c    ****   * <h2><center>&copy; Copyright (c) 2021 STMicroelectronics.
  10:Src/gpio.c    ****   * All rights reserved.</center></h2>
  11:Src/gpio.c    ****   *
  12:Src/gpio.c    ****   * This software component is licensed by ST under BSD 3-Clause license,
  13:Src/gpio.c    ****   * the "License"; You may not use this file except in compliance with the
  14:Src/gpio.c    ****   * License. You may obtain a copy of the License at:
  15:Src/gpio.c    ****   *                        opensource.org/licenses/BSD-3-Clause
  16:Src/gpio.c    ****   *
  17:Src/gpio.c    ****   ******************************************************************************
  18:Src/gpio.c    ****   */
  19:Src/gpio.c    **** 
  20:Src/gpio.c    **** /* Includes ------------------------------------------------------------------*/
  21:Src/gpio.c    **** #include "gpio.h"
  22:Src/gpio.c    **** 
  23:Src/gpio.c    **** /* USER CODE BEGIN 0 */
  24:Src/gpio.c    **** 
  25:Src/gpio.c    **** /* USER CODE END 0 */
  26:Src/gpio.c    **** 
  27:Src/gpio.c    **** /*----------------------------------------------------------------------------*/
  28:Src/gpio.c    **** /* Configure GPIO                                                             */
  29:Src/gpio.c    **** /*----------------------------------------------------------------------------*/
  30:Src/gpio.c    **** /* USER CODE BEGIN 1 */
  31:Src/gpio.c    **** 
ARM GAS  C:\Users\bnusw\AppData\Local\Temp\cccI5JV6.s 			page 2


  32:Src/gpio.c    **** /* USER CODE END 1 */
  33:Src/gpio.c    **** 
  34:Src/gpio.c    **** /** Configure pins as
  35:Src/gpio.c    ****         * Analog
  36:Src/gpio.c    ****         * Input
  37:Src/gpio.c    ****         * Output
  38:Src/gpio.c    ****         * EVENT_OUT
  39:Src/gpio.c    ****         * EXTI
  40:Src/gpio.c    ****         * Free pins are configured automatically as Analog (this feature is enabled through
  41:Src/gpio.c    ****         * the Code Generation settings)
  42:Src/gpio.c    **** */
  43:Src/gpio.c    **** void MX_GPIO_Init(void)
  44:Src/gpio.c    **** {
  28              		.loc 1 44 0
  29              		.cfi_startproc
  30              		@ args = 0, pretend = 0, frame = 40
  31              		@ frame_needed = 0, uses_anonymous_args = 0
  32 0000 F0B5     		push	{r4, r5, r6, r7, lr}
  33              	.LCFI0:
  34              		.cfi_def_cfa_offset 20
  35              		.cfi_offset 4, -20
  36              		.cfi_offset 5, -16
  37              		.cfi_offset 6, -12
  38              		.cfi_offset 7, -8
  39              		.cfi_offset 14, -4
  40 0002 8BB0     		sub	sp, sp, #44
  41              	.LCFI1:
  42              		.cfi_def_cfa_offset 64
  45:Src/gpio.c    **** 
  46:Src/gpio.c    ****   GPIO_InitTypeDef GPIO_InitStruct = {0};
  43              		.loc 1 46 0
  44 0004 1422     		movs	r2, #20
  45 0006 0021     		movs	r1, #0
  46 0008 05A8     		add	r0, sp, #20
  47 000a FFF7FEFF 		bl	memset
  48              	.LVL0:
  49              	.LBB2:
  47:Src/gpio.c    **** 
  48:Src/gpio.c    ****   /* GPIO Ports Clock Enable */
  49:Src/gpio.c    ****   __HAL_RCC_GPIOC_CLK_ENABLE();
  50              		.loc 1 49 0
  51 000e 434B     		ldr	r3, .L2
  52 0010 5969     		ldr	r1, [r3, #20]
  53 0012 8022     		movs	r2, #128
  54 0014 1203     		lsls	r2, r2, #12
  55 0016 1143     		orrs	r1, r2
  56 0018 5961     		str	r1, [r3, #20]
  57 001a 5969     		ldr	r1, [r3, #20]
  58 001c 0A40     		ands	r2, r1
  59 001e 0092     		str	r2, [sp]
  60 0020 009A     		ldr	r2, [sp]
  61              	.LBE2:
  62              	.LBB3:
  50:Src/gpio.c    ****   __HAL_RCC_GPIOF_CLK_ENABLE();
  63              		.loc 1 50 0
  64 0022 5969     		ldr	r1, [r3, #20]
  65 0024 8022     		movs	r2, #128
ARM GAS  C:\Users\bnusw\AppData\Local\Temp\cccI5JV6.s 			page 3


  66 0026 D203     		lsls	r2, r2, #15
  67 0028 1143     		orrs	r1, r2
  68 002a 5961     		str	r1, [r3, #20]
  69 002c 5969     		ldr	r1, [r3, #20]
  70 002e 0A40     		ands	r2, r1
  71 0030 0192     		str	r2, [sp, #4]
  72 0032 019A     		ldr	r2, [sp, #4]
  73              	.LBE3:
  74              	.LBB4:
  51:Src/gpio.c    ****   __HAL_RCC_GPIOA_CLK_ENABLE();
  75              		.loc 1 51 0
  76 0034 5969     		ldr	r1, [r3, #20]
  77 0036 8022     		movs	r2, #128
  78 0038 9202     		lsls	r2, r2, #10
  79 003a 1143     		orrs	r1, r2
  80 003c 5961     		str	r1, [r3, #20]
  81 003e 5969     		ldr	r1, [r3, #20]
  82 0040 0A40     		ands	r2, r1
  83 0042 0292     		str	r2, [sp, #8]
  84 0044 029A     		ldr	r2, [sp, #8]
  85              	.LBE4:
  86              	.LBB5:
  52:Src/gpio.c    ****   __HAL_RCC_GPIOB_CLK_ENABLE();
  87              		.loc 1 52 0
  88 0046 5969     		ldr	r1, [r3, #20]
  89 0048 8022     		movs	r2, #128
  90 004a D202     		lsls	r2, r2, #11
  91 004c 1143     		orrs	r1, r2
  92 004e 5961     		str	r1, [r3, #20]
  93 0050 5969     		ldr	r1, [r3, #20]
  94 0052 0A40     		ands	r2, r1
  95 0054 0392     		str	r2, [sp, #12]
  96 0056 039A     		ldr	r2, [sp, #12]
  97              	.LBE5:
  98              	.LBB6:
  53:Src/gpio.c    ****   __HAL_RCC_GPIOD_CLK_ENABLE();
  99              		.loc 1 53 0
 100 0058 5969     		ldr	r1, [r3, #20]
 101 005a 8022     		movs	r2, #128
 102 005c 5203     		lsls	r2, r2, #13
 103 005e 1143     		orrs	r1, r2
 104 0060 5961     		str	r1, [r3, #20]
 105 0062 5B69     		ldr	r3, [r3, #20]
 106 0064 1A40     		ands	r2, r3
 107 0066 0492     		str	r2, [sp, #16]
 108 0068 049B     		ldr	r3, [sp, #16]
 109              	.LBE6:
  54:Src/gpio.c    **** 
  55:Src/gpio.c    ****   /*Configure GPIO pin Output Level */
  56:Src/gpio.c    ****   HAL_GPIO_WritePin(GPIOB, SCL1_Pin|SDA1_Pin, GPIO_PIN_RESET);
 110              		.loc 1 56 0
 111 006a 0022     		movs	r2, #0
 112 006c 0621     		movs	r1, #6
 113 006e 2C48     		ldr	r0, .L2+4
 114 0070 FFF7FEFF 		bl	HAL_GPIO_WritePin
 115              	.LVL1:
  57:Src/gpio.c    **** 
ARM GAS  C:\Users\bnusw\AppData\Local\Temp\cccI5JV6.s 			page 4


  58:Src/gpio.c    ****   /*Configure GPIO pin Output Level */
  59:Src/gpio.c    ****   HAL_GPIO_WritePin(LED1_GPIO_Port, LED1_Pin, GPIO_PIN_SET);
 116              		.loc 1 59 0
 117 0074 8026     		movs	r6, #128
 118 0076 7600     		lsls	r6, r6, #1
 119 0078 0122     		movs	r2, #1
 120 007a 3100     		movs	r1, r6
 121 007c 9020     		movs	r0, #144
 122 007e C005     		lsls	r0, r0, #23
 123 0080 FFF7FEFF 		bl	HAL_GPIO_WritePin
 124              	.LVL2:
  60:Src/gpio.c    **** 
  61:Src/gpio.c    ****   /*Configure GPIO pins : PC13 PC14 PC15 PC0
  62:Src/gpio.c    ****                            PC1 PC2 PC3 PC4
  63:Src/gpio.c    ****                            PC5 PC6 PC7 PC8
  64:Src/gpio.c    ****                            PC9 PC10 PC11 PC12 */
  65:Src/gpio.c    ****   GPIO_InitStruct.Pin = GPIO_PIN_13|GPIO_PIN_14|GPIO_PIN_15|GPIO_PIN_0
 125              		.loc 1 65 0
 126 0084 274B     		ldr	r3, .L2+8
 127 0086 0593     		str	r3, [sp, #20]
  66:Src/gpio.c    ****                           |GPIO_PIN_1|GPIO_PIN_2|GPIO_PIN_3|GPIO_PIN_4
  67:Src/gpio.c    ****                           |GPIO_PIN_5|GPIO_PIN_6|GPIO_PIN_7|GPIO_PIN_8
  68:Src/gpio.c    ****                           |GPIO_PIN_9|GPIO_PIN_10|GPIO_PIN_11|GPIO_PIN_12;
  69:Src/gpio.c    ****   GPIO_InitStruct.Mode = GPIO_MODE_ANALOG;
 128              		.loc 1 69 0
 129 0088 0325     		movs	r5, #3
 130 008a 0695     		str	r5, [sp, #24]
  70:Src/gpio.c    ****   GPIO_InitStruct.Pull = GPIO_NOPULL;
 131              		.loc 1 70 0
 132 008c 0024     		movs	r4, #0
 133 008e 0794     		str	r4, [sp, #28]
  71:Src/gpio.c    ****   HAL_GPIO_Init(GPIOC, &GPIO_InitStruct);
 134              		.loc 1 71 0
 135 0090 05A9     		add	r1, sp, #20
 136 0092 2548     		ldr	r0, .L2+12
 137 0094 FFF7FEFF 		bl	HAL_GPIO_Init
 138              	.LVL3:
  72:Src/gpio.c    **** 
  73:Src/gpio.c    ****   /*Configure GPIO pins : PA0 PA1 PA2 PA3
  74:Src/gpio.c    ****                            PA4 PA5 PA6 PA7
  75:Src/gpio.c    ****                            PA9 PA10 */
  76:Src/gpio.c    ****   GPIO_InitStruct.Pin = GPIO_PIN_0|GPIO_PIN_1|GPIO_PIN_2|GPIO_PIN_3
 139              		.loc 1 76 0
 140 0098 244B     		ldr	r3, .L2+16
 141 009a 0593     		str	r3, [sp, #20]
  77:Src/gpio.c    ****                           |GPIO_PIN_4|GPIO_PIN_5|GPIO_PIN_6|GPIO_PIN_7
  78:Src/gpio.c    ****                           |GPIO_PIN_9|GPIO_PIN_10;
  79:Src/gpio.c    ****   GPIO_InitStruct.Mode = GPIO_MODE_ANALOG;
 142              		.loc 1 79 0
 143 009c 0695     		str	r5, [sp, #24]
  80:Src/gpio.c    ****   GPIO_InitStruct.Pull = GPIO_NOPULL;
 144              		.loc 1 80 0
 145 009e 0794     		str	r4, [sp, #28]
  81:Src/gpio.c    ****   HAL_GPIO_Init(GPIOA, &GPIO_InitStruct);
 146              		.loc 1 81 0
 147 00a0 05A9     		add	r1, sp, #20
 148 00a2 9020     		movs	r0, #144
ARM GAS  C:\Users\bnusw\AppData\Local\Temp\cccI5JV6.s 			page 5


 149 00a4 C005     		lsls	r0, r0, #23
 150 00a6 FFF7FEFF 		bl	HAL_GPIO_Init
 151              	.LVL4:
  82:Src/gpio.c    **** 
  83:Src/gpio.c    ****   /*Configure GPIO pins : PF4 PF5 PF6 PF7 */
  84:Src/gpio.c    ****   GPIO_InitStruct.Pin = GPIO_PIN_4|GPIO_PIN_5|GPIO_PIN_6|GPIO_PIN_7;
 152              		.loc 1 84 0
 153 00aa F023     		movs	r3, #240
 154 00ac 0593     		str	r3, [sp, #20]
  85:Src/gpio.c    ****   GPIO_InitStruct.Mode = GPIO_MODE_ANALOG;
 155              		.loc 1 85 0
 156 00ae 0695     		str	r5, [sp, #24]
  86:Src/gpio.c    ****   GPIO_InitStruct.Pull = GPIO_NOPULL;
 157              		.loc 1 86 0
 158 00b0 0794     		str	r4, [sp, #28]
  87:Src/gpio.c    ****   HAL_GPIO_Init(GPIOF, &GPIO_InitStruct);
 159              		.loc 1 87 0
 160 00b2 05A9     		add	r1, sp, #20
 161 00b4 1E48     		ldr	r0, .L2+20
 162 00b6 FFF7FEFF 		bl	HAL_GPIO_Init
 163              	.LVL5:
  88:Src/gpio.c    **** 
  89:Src/gpio.c    ****   /*Configure GPIO pins : PB0 PB12 PB13 PB14
  90:Src/gpio.c    ****                            PB15 PB3 PB4 PB5
  91:Src/gpio.c    ****                            PB6 PB7 PB8 PB9 */
  92:Src/gpio.c    ****   GPIO_InitStruct.Pin = GPIO_PIN_0|GPIO_PIN_12|GPIO_PIN_13|GPIO_PIN_14
 164              		.loc 1 92 0
 165 00ba 1E4B     		ldr	r3, .L2+24
 166 00bc 0593     		str	r3, [sp, #20]
  93:Src/gpio.c    ****                           |GPIO_PIN_15|GPIO_PIN_3|GPIO_PIN_4|GPIO_PIN_5
  94:Src/gpio.c    ****                           |GPIO_PIN_6|GPIO_PIN_7|GPIO_PIN_8|GPIO_PIN_9;
  95:Src/gpio.c    ****   GPIO_InitStruct.Mode = GPIO_MODE_ANALOG;
 167              		.loc 1 95 0
 168 00be 0695     		str	r5, [sp, #24]
  96:Src/gpio.c    ****   GPIO_InitStruct.Pull = GPIO_NOPULL;
 169              		.loc 1 96 0
 170 00c0 0794     		str	r4, [sp, #28]
  97:Src/gpio.c    ****   HAL_GPIO_Init(GPIOB, &GPIO_InitStruct);
 171              		.loc 1 97 0
 172 00c2 05A9     		add	r1, sp, #20
 173 00c4 1648     		ldr	r0, .L2+4
 174 00c6 FFF7FEFF 		bl	HAL_GPIO_Init
 175              	.LVL6:
  98:Src/gpio.c    **** 
  99:Src/gpio.c    ****   /*Configure GPIO pins : PBPin PBPin */
 100:Src/gpio.c    ****   GPIO_InitStruct.Pin = SCL1_Pin|SDA1_Pin;
 176              		.loc 1 100 0
 177 00ca 0623     		movs	r3, #6
 178 00cc 0593     		str	r3, [sp, #20]
 101:Src/gpio.c    ****   GPIO_InitStruct.Mode = GPIO_MODE_OUTPUT_OD;
 179              		.loc 1 101 0
 180 00ce 1127     		movs	r7, #17
 181 00d0 0697     		str	r7, [sp, #24]
 102:Src/gpio.c    ****   GPIO_InitStruct.Pull = GPIO_NOPULL;
 182              		.loc 1 102 0
 183 00d2 0794     		str	r4, [sp, #28]
 103:Src/gpio.c    ****   GPIO_InitStruct.Speed = GPIO_SPEED_FREQ_HIGH;
ARM GAS  C:\Users\bnusw\AppData\Local\Temp\cccI5JV6.s 			page 6


 184              		.loc 1 103 0
 185 00d4 0895     		str	r5, [sp, #32]
 104:Src/gpio.c    ****   HAL_GPIO_Init(GPIOB, &GPIO_InitStruct);
 186              		.loc 1 104 0
 187 00d6 05A9     		add	r1, sp, #20
 188 00d8 1148     		ldr	r0, .L2+4
 189 00da FFF7FEFF 		bl	HAL_GPIO_Init
 190              	.LVL7:
 105:Src/gpio.c    **** 
 106:Src/gpio.c    ****   /*Configure GPIO pin : PtPin */
 107:Src/gpio.c    ****   GPIO_InitStruct.Pin = LED1_Pin;
 191              		.loc 1 107 0
 192 00de 0596     		str	r6, [sp, #20]
 108:Src/gpio.c    ****   GPIO_InitStruct.Mode = GPIO_MODE_OUTPUT_OD;
 193              		.loc 1 108 0
 194 00e0 0697     		str	r7, [sp, #24]
 109:Src/gpio.c    ****   GPIO_InitStruct.Pull = GPIO_NOPULL;
 195              		.loc 1 109 0
 196 00e2 0794     		str	r4, [sp, #28]
 110:Src/gpio.c    ****   GPIO_InitStruct.Speed = GPIO_SPEED_FREQ_LOW;
 197              		.loc 1 110 0
 198 00e4 0894     		str	r4, [sp, #32]
 111:Src/gpio.c    ****   HAL_GPIO_Init(LED1_GPIO_Port, &GPIO_InitStruct);
 199              		.loc 1 111 0
 200 00e6 05A9     		add	r1, sp, #20
 201 00e8 9020     		movs	r0, #144
 202 00ea C005     		lsls	r0, r0, #23
 203 00ec FFF7FEFF 		bl	HAL_GPIO_Init
 204              	.LVL8:
 112:Src/gpio.c    **** 
 113:Src/gpio.c    ****   /*Configure GPIO pins : PAPin PAPin PAPin */
 114:Src/gpio.c    ****   GPIO_InitStruct.Pin = SW2_Pin|SW3_Pin|SW4_Pin;
 205              		.loc 1 114 0
 206 00f0 9823     		movs	r3, #152
 207 00f2 1B02     		lsls	r3, r3, #8
 208 00f4 0593     		str	r3, [sp, #20]
 115:Src/gpio.c    ****   GPIO_InitStruct.Mode = GPIO_MODE_INPUT;
 209              		.loc 1 115 0
 210 00f6 0694     		str	r4, [sp, #24]
 116:Src/gpio.c    ****   GPIO_InitStruct.Pull = GPIO_PULLUP;
 211              		.loc 1 116 0
 212 00f8 0123     		movs	r3, #1
 213 00fa 0793     		str	r3, [sp, #28]
 117:Src/gpio.c    ****   HAL_GPIO_Init(GPIOA, &GPIO_InitStruct);
 214              		.loc 1 117 0
 215 00fc 05A9     		add	r1, sp, #20
 216 00fe 9020     		movs	r0, #144
 217 0100 C005     		lsls	r0, r0, #23
 218 0102 FFF7FEFF 		bl	HAL_GPIO_Init
 219              	.LVL9:
 118:Src/gpio.c    **** 
 119:Src/gpio.c    ****   /*Configure GPIO pin : PD2 */
 120:Src/gpio.c    ****   GPIO_InitStruct.Pin = GPIO_PIN_2;
 220              		.loc 1 120 0
 221 0106 0423     		movs	r3, #4
 222 0108 0593     		str	r3, [sp, #20]
 121:Src/gpio.c    ****   GPIO_InitStruct.Mode = GPIO_MODE_ANALOG;
ARM GAS  C:\Users\bnusw\AppData\Local\Temp\cccI5JV6.s 			page 7


 223              		.loc 1 121 0
 224 010a 0695     		str	r5, [sp, #24]
 122:Src/gpio.c    ****   GPIO_InitStruct.Pull = GPIO_NOPULL;
 225              		.loc 1 122 0
 226 010c 0794     		str	r4, [sp, #28]
 123:Src/gpio.c    ****   HAL_GPIO_Init(GPIOD, &GPIO_InitStruct);
 227              		.loc 1 123 0
 228 010e 05A9     		add	r1, sp, #20
 229 0110 0948     		ldr	r0, .L2+28
 230 0112 FFF7FEFF 		bl	HAL_GPIO_Init
 231              	.LVL10:
 124:Src/gpio.c    **** 
 125:Src/gpio.c    **** }
 232              		.loc 1 125 0
 233 0116 0BB0     		add	sp, sp, #44
 234              		@ sp needed
 235 0118 F0BD     		pop	{r4, r5, r6, r7, pc}
 236              	.L3:
 237 011a C046     		.align	2
 238              	.L2:
 239 011c 00100240 		.word	1073876992
 240 0120 00040048 		.word	1207960576
 241 0124 FFFF0000 		.word	65535
 242 0128 00080048 		.word	1207961600
 243 012c FF060000 		.word	1791
 244 0130 00140048 		.word	1207964672
 245 0134 F9F30000 		.word	62457
 246 0138 000C0048 		.word	1207962624
 247              		.cfi_endproc
 248              	.LFE40:
 250              		.text
 251              	.Letext0:
 252              		.file 2 "c:\\program files (x86)\\gnu tools arm embedded\\5.4 2016q3\\arm-none-eabi\\include\\mach
 253              		.file 3 "c:\\program files (x86)\\gnu tools arm embedded\\5.4 2016q3\\arm-none-eabi\\include\\sys\
 254              		.file 4 "Drivers/CMSIS/Device/ST/STM32F0xx/Include/stm32f030x8.h"
 255              		.file 5 "Drivers/STM32F0xx_HAL_Driver/Inc/stm32f0xx_hal_gpio.h"
ARM GAS  C:\Users\bnusw\AppData\Local\Temp\cccI5JV6.s 			page 8


DEFINED SYMBOLS
                            *ABS*:00000000 gpio.c
C:\Users\bnusw\AppData\Local\Temp\cccI5JV6.s:20     .text.MX_GPIO_Init:00000000 $t
C:\Users\bnusw\AppData\Local\Temp\cccI5JV6.s:25     .text.MX_GPIO_Init:00000000 MX_GPIO_Init
C:\Users\bnusw\AppData\Local\Temp\cccI5JV6.s:239    .text.MX_GPIO_Init:0000011c $d
                     .debug_frame:00000010 $d

UNDEFINED SYMBOLS
memset
HAL_GPIO_WritePin
HAL_GPIO_Init
