ARM GAS  C:\Users\bnusw\AppData\Local\Temp\cc8DJlfi.s 			page 1


   1              		.syntax unified
   2              		.cpu cortex-m0
   3              		.fpu softvfp
   4              		.eabi_attribute 20, 1
   5              		.eabi_attribute 21, 1
   6              		.eabi_attribute 23, 3
   7              		.eabi_attribute 24, 1
   8              		.eabi_attribute 25, 1
   9              		.eabi_attribute 26, 1
  10              		.eabi_attribute 30, 1
  11              		.eabi_attribute 34, 0
  12              		.eabi_attribute 18, 4
  13              		.thumb
  14              		.syntax unified
  15              		.file	"stm32f0xx_it.c"
  16              		.text
  17              	.Ltext0:
  18              		.cfi_sections	.debug_frame
  19              		.section	.text.NMI_Handler,"ax",%progbits
  20              		.align	2
  21              		.global	NMI_Handler
  22              		.code	16
  23              		.thumb_func
  25              	NMI_Handler:
  26              	.LFB40:
  27              		.file 1 "Src/stm32f0xx_it.c"
   1:Src/stm32f0xx_it.c **** /* USER CODE BEGIN Header */
   2:Src/stm32f0xx_it.c **** /**
   3:Src/stm32f0xx_it.c ****   ******************************************************************************
   4:Src/stm32f0xx_it.c ****   * @file    stm32f0xx_it.c
   5:Src/stm32f0xx_it.c ****   * @brief   Interrupt Service Routines.
   6:Src/stm32f0xx_it.c ****   ******************************************************************************
   7:Src/stm32f0xx_it.c ****   * @attention
   8:Src/stm32f0xx_it.c ****   *
   9:Src/stm32f0xx_it.c ****   * <h2><center>&copy; Copyright (c) 2020 STMicroelectronics.
  10:Src/stm32f0xx_it.c ****   * All rights reserved.</center></h2>
  11:Src/stm32f0xx_it.c ****   *
  12:Src/stm32f0xx_it.c ****   * This software component is licensed by ST under BSD 3-Clause license,
  13:Src/stm32f0xx_it.c ****   * the "License"; You may not use this file except in compliance with the
  14:Src/stm32f0xx_it.c ****   * License. You may obtain a copy of the License at:
  15:Src/stm32f0xx_it.c ****   *                        opensource.org/licenses/BSD-3-Clause
  16:Src/stm32f0xx_it.c ****   *
  17:Src/stm32f0xx_it.c ****   ******************************************************************************
  18:Src/stm32f0xx_it.c ****   */
  19:Src/stm32f0xx_it.c **** /* USER CODE END Header */
  20:Src/stm32f0xx_it.c **** 
  21:Src/stm32f0xx_it.c **** /* Includes ------------------------------------------------------------------*/
  22:Src/stm32f0xx_it.c **** #include "main.h"
  23:Src/stm32f0xx_it.c **** #include "stm32f0xx_it.h"
  24:Src/stm32f0xx_it.c **** /* Private includes ----------------------------------------------------------*/
  25:Src/stm32f0xx_it.c **** /* USER CODE BEGIN Includes */
  26:Src/stm32f0xx_it.c **** /* USER CODE END Includes */
  27:Src/stm32f0xx_it.c **** 
  28:Src/stm32f0xx_it.c **** /* Private typedef -----------------------------------------------------------*/
  29:Src/stm32f0xx_it.c **** /* USER CODE BEGIN TD */
  30:Src/stm32f0xx_it.c **** 
  31:Src/stm32f0xx_it.c **** /* USER CODE END TD */
ARM GAS  C:\Users\bnusw\AppData\Local\Temp\cc8DJlfi.s 			page 2


  32:Src/stm32f0xx_it.c **** 
  33:Src/stm32f0xx_it.c **** /* Private define ------------------------------------------------------------*/
  34:Src/stm32f0xx_it.c **** /* USER CODE BEGIN PD */
  35:Src/stm32f0xx_it.c ****  
  36:Src/stm32f0xx_it.c **** /* USER CODE END PD */
  37:Src/stm32f0xx_it.c **** 
  38:Src/stm32f0xx_it.c **** /* Private macro -------------------------------------------------------------*/
  39:Src/stm32f0xx_it.c **** /* USER CODE BEGIN PM */
  40:Src/stm32f0xx_it.c **** 
  41:Src/stm32f0xx_it.c **** /* USER CODE END PM */
  42:Src/stm32f0xx_it.c **** 
  43:Src/stm32f0xx_it.c **** /* Private variables ---------------------------------------------------------*/
  44:Src/stm32f0xx_it.c **** /* USER CODE BEGIN PV */
  45:Src/stm32f0xx_it.c **** uint8_t timer3 = 0;
  46:Src/stm32f0xx_it.c **** uint16_t sleep_timer = 0;
  47:Src/stm32f0xx_it.c **** /* USER CODE END PV */
  48:Src/stm32f0xx_it.c **** 
  49:Src/stm32f0xx_it.c **** /* Private function prototypes -----------------------------------------------*/
  50:Src/stm32f0xx_it.c **** /* USER CODE BEGIN PFP */
  51:Src/stm32f0xx_it.c **** 
  52:Src/stm32f0xx_it.c **** /* USER CODE END PFP */
  53:Src/stm32f0xx_it.c **** 
  54:Src/stm32f0xx_it.c **** /* Private user code ---------------------------------------------------------*/
  55:Src/stm32f0xx_it.c **** /* USER CODE BEGIN 0 */
  56:Src/stm32f0xx_it.c **** 
  57:Src/stm32f0xx_it.c **** /* USER CODE END 0 */
  58:Src/stm32f0xx_it.c **** 
  59:Src/stm32f0xx_it.c **** /* External variables --------------------------------------------------------*/
  60:Src/stm32f0xx_it.c **** 
  61:Src/stm32f0xx_it.c **** /* USER CODE BEGIN EV */
  62:Src/stm32f0xx_it.c **** 
  63:Src/stm32f0xx_it.c **** /* USER CODE END EV */
  64:Src/stm32f0xx_it.c **** 
  65:Src/stm32f0xx_it.c **** /******************************************************************************/
  66:Src/stm32f0xx_it.c **** /*           Cortex-M0 Processor Interruption and Exception Handlers          */
  67:Src/stm32f0xx_it.c **** /******************************************************************************/
  68:Src/stm32f0xx_it.c **** /**
  69:Src/stm32f0xx_it.c ****   * @brief This function handles Non maskable interrupt.
  70:Src/stm32f0xx_it.c ****   */
  71:Src/stm32f0xx_it.c **** void NMI_Handler(void)
  72:Src/stm32f0xx_it.c **** {
  28              		.loc 1 72 0
  29              		.cfi_startproc
  30              		@ args = 0, pretend = 0, frame = 0
  31              		@ frame_needed = 0, uses_anonymous_args = 0
  32              		@ link register save eliminated.
  73:Src/stm32f0xx_it.c ****   /* USER CODE BEGIN NonMaskableInt_IRQn 0 */
  74:Src/stm32f0xx_it.c **** 
  75:Src/stm32f0xx_it.c ****   /* USER CODE END NonMaskableInt_IRQn 0 */
  76:Src/stm32f0xx_it.c ****   /* USER CODE BEGIN NonMaskableInt_IRQn 1 */
  77:Src/stm32f0xx_it.c **** 
  78:Src/stm32f0xx_it.c ****   /* USER CODE END NonMaskableInt_IRQn 1 */
  79:Src/stm32f0xx_it.c **** }
  33              		.loc 1 79 0
  34              		@ sp needed
  35 0000 7047     		bx	lr
  36              		.cfi_endproc
ARM GAS  C:\Users\bnusw\AppData\Local\Temp\cc8DJlfi.s 			page 3


  37              	.LFE40:
  39 0002 C046     		.section	.text.HardFault_Handler,"ax",%progbits
  40              		.align	2
  41              		.global	HardFault_Handler
  42              		.code	16
  43              		.thumb_func
  45              	HardFault_Handler:
  46              	.LFB41:
  80:Src/stm32f0xx_it.c **** 
  81:Src/stm32f0xx_it.c **** /**
  82:Src/stm32f0xx_it.c ****   * @brief This function handles Hard fault interrupt.
  83:Src/stm32f0xx_it.c ****   */
  84:Src/stm32f0xx_it.c **** void HardFault_Handler(void)
  85:Src/stm32f0xx_it.c **** {
  47              		.loc 1 85 0
  48              		.cfi_startproc
  49              		@ Volatile: function does not return.
  50              		@ args = 0, pretend = 0, frame = 0
  51              		@ frame_needed = 0, uses_anonymous_args = 0
  52              		@ link register save eliminated.
  53              	.L3:
  54 0000 FEE7     		b	.L3
  55              		.cfi_endproc
  56              	.LFE41:
  58 0002 C046     		.section	.text.SVC_Handler,"ax",%progbits
  59              		.align	2
  60              		.global	SVC_Handler
  61              		.code	16
  62              		.thumb_func
  64              	SVC_Handler:
  65              	.LFB42:
  86:Src/stm32f0xx_it.c ****   /* USER CODE BEGIN HardFault_IRQn 0 */
  87:Src/stm32f0xx_it.c **** 
  88:Src/stm32f0xx_it.c ****   /* USER CODE END HardFault_IRQn 0 */
  89:Src/stm32f0xx_it.c ****   while (1)
  90:Src/stm32f0xx_it.c ****   {
  91:Src/stm32f0xx_it.c ****     /* USER CODE BEGIN W1_HardFault_IRQn 0 */
  92:Src/stm32f0xx_it.c ****     /* USER CODE END W1_HardFault_IRQn 0 */
  93:Src/stm32f0xx_it.c ****   }
  94:Src/stm32f0xx_it.c **** }
  95:Src/stm32f0xx_it.c **** 
  96:Src/stm32f0xx_it.c **** /**
  97:Src/stm32f0xx_it.c ****   * @brief This function handles System service call via SWI instruction.
  98:Src/stm32f0xx_it.c ****   */
  99:Src/stm32f0xx_it.c **** void SVC_Handler(void)
 100:Src/stm32f0xx_it.c **** {
  66              		.loc 1 100 0
  67              		.cfi_startproc
  68              		@ args = 0, pretend = 0, frame = 0
  69              		@ frame_needed = 0, uses_anonymous_args = 0
  70              		@ link register save eliminated.
 101:Src/stm32f0xx_it.c ****   /* USER CODE BEGIN SVC_IRQn 0 */
 102:Src/stm32f0xx_it.c **** 
 103:Src/stm32f0xx_it.c ****   /* USER CODE END SVC_IRQn 0 */
 104:Src/stm32f0xx_it.c ****   /* USER CODE BEGIN SVC_IRQn 1 */
 105:Src/stm32f0xx_it.c **** 
 106:Src/stm32f0xx_it.c ****   /* USER CODE END SVC_IRQn 1 */
ARM GAS  C:\Users\bnusw\AppData\Local\Temp\cc8DJlfi.s 			page 4


 107:Src/stm32f0xx_it.c **** }
  71              		.loc 1 107 0
  72              		@ sp needed
  73 0000 7047     		bx	lr
  74              		.cfi_endproc
  75              	.LFE42:
  77 0002 C046     		.section	.text.PendSV_Handler,"ax",%progbits
  78              		.align	2
  79              		.global	PendSV_Handler
  80              		.code	16
  81              		.thumb_func
  83              	PendSV_Handler:
  84              	.LFB43:
 108:Src/stm32f0xx_it.c **** 
 109:Src/stm32f0xx_it.c **** /**
 110:Src/stm32f0xx_it.c ****   * @brief This function handles Pendable request for system service.
 111:Src/stm32f0xx_it.c ****   */
 112:Src/stm32f0xx_it.c **** void PendSV_Handler(void)
 113:Src/stm32f0xx_it.c **** {
  85              		.loc 1 113 0
  86              		.cfi_startproc
  87              		@ args = 0, pretend = 0, frame = 0
  88              		@ frame_needed = 0, uses_anonymous_args = 0
  89              		@ link register save eliminated.
 114:Src/stm32f0xx_it.c ****   /* USER CODE BEGIN PendSV_IRQn 0 */
 115:Src/stm32f0xx_it.c **** 
 116:Src/stm32f0xx_it.c ****   /* USER CODE END PendSV_IRQn 0 */
 117:Src/stm32f0xx_it.c ****   /* USER CODE BEGIN PendSV_IRQn 1 */
 118:Src/stm32f0xx_it.c **** 
 119:Src/stm32f0xx_it.c ****   /* USER CODE END PendSV_IRQn 1 */
 120:Src/stm32f0xx_it.c **** }
  90              		.loc 1 120 0
  91              		@ sp needed
  92 0000 7047     		bx	lr
  93              		.cfi_endproc
  94              	.LFE43:
  96 0002 C046     		.section	.text.SysTick_Handler,"ax",%progbits
  97              		.align	2
  98              		.global	SysTick_Handler
  99              		.code	16
 100              		.thumb_func
 102              	SysTick_Handler:
 103              	.LFB44:
 121:Src/stm32f0xx_it.c **** 
 122:Src/stm32f0xx_it.c **** /**
 123:Src/stm32f0xx_it.c ****   * @brief This function handles System tick timer.
 124:Src/stm32f0xx_it.c ****   */
 125:Src/stm32f0xx_it.c **** void SysTick_Handler(void)
 126:Src/stm32f0xx_it.c **** {
 104              		.loc 1 126 0
 105              		.cfi_startproc
 106              		@ args = 0, pretend = 0, frame = 0
 107              		@ frame_needed = 0, uses_anonymous_args = 0
 108 0000 10B5     		push	{r4, lr}
 109              	.LCFI0:
 110              		.cfi_def_cfa_offset 8
 111              		.cfi_offset 4, -8
ARM GAS  C:\Users\bnusw\AppData\Local\Temp\cc8DJlfi.s 			page 5


 112              		.cfi_offset 14, -4
 127:Src/stm32f0xx_it.c ****   /* USER CODE BEGIN SysTick_IRQn 0 */
 128:Src/stm32f0xx_it.c **** 
 129:Src/stm32f0xx_it.c ****   /* USER CODE END SysTick_IRQn 0 */
 130:Src/stm32f0xx_it.c ****   HAL_IncTick();
 113              		.loc 1 130 0
 114 0002 FFF7FEFF 		bl	HAL_IncTick
 115              	.LVL0:
 131:Src/stm32f0xx_it.c ****   /* USER CODE BEGIN SysTick_IRQn 1 */
 132:Src/stm32f0xx_it.c **** 
 133:Src/stm32f0xx_it.c ****   /* USER CODE END SysTick_IRQn 1 */
 134:Src/stm32f0xx_it.c **** }
 116              		.loc 1 134 0
 117              		@ sp needed
 118 0006 10BD     		pop	{r4, pc}
 119              		.cfi_endproc
 120              	.LFE44:
 122              		.section	.text.EXTI4_15_IRQHandler,"ax",%progbits
 123              		.align	2
 124              		.global	EXTI4_15_IRQHandler
 125              		.code	16
 126              		.thumb_func
 128              	EXTI4_15_IRQHandler:
 129              	.LFB45:
 135:Src/stm32f0xx_it.c **** 
 136:Src/stm32f0xx_it.c **** /******************************************************************************/
 137:Src/stm32f0xx_it.c **** /* STM32F0xx Peripheral Interrupt Handlers                                    */
 138:Src/stm32f0xx_it.c **** /* Add here the Interrupt Handlers for the used peripherals.                  */
 139:Src/stm32f0xx_it.c **** /* For the available peripheral interrupt handler names,                      */
 140:Src/stm32f0xx_it.c **** /* please refer to the startup file (startup_stm32f0xx.s).                    */
 141:Src/stm32f0xx_it.c **** /******************************************************************************/
 142:Src/stm32f0xx_it.c **** 
 143:Src/stm32f0xx_it.c **** /* USER CODE BEGIN 1 */
 144:Src/stm32f0xx_it.c **** void EXTI4_15_IRQHandler(void)
 145:Src/stm32f0xx_it.c **** {
 130              		.loc 1 145 0
 131              		.cfi_startproc
 132              		@ args = 0, pretend = 0, frame = 0
 133              		@ frame_needed = 0, uses_anonymous_args = 0
 134              		@ link register save eliminated.
 146:Src/stm32f0xx_it.c ****   // HAL_GPIO_EXTI_IRQHandler(HEX1_Pin);
 147:Src/stm32f0xx_it.c ****   // HAL_GPIO_EXTI_IRQHandler(CNTER_IN_Pin);
 148:Src/stm32f0xx_it.c ****   // HAL_Init();
 149:Src/stm32f0xx_it.c ****   // SystemClock_Config();
 150:Src/stm32f0xx_it.c ****   // MX_GPIO_Init();
 151:Src/stm32f0xx_it.c ****   // MX_DMA_Init();
 152:Src/stm32f0xx_it.c ****   // MX_I2C2_Init();
 153:Src/stm32f0xx_it.c ****   // MX_USART1_UART_Init();
 154:Src/stm32f0xx_it.c ****   // MX_ADC_Init();
 155:Src/stm32f0xx_it.c ****   // MX_TIM3_Init();
 156:Src/stm32f0xx_it.c ****   // OLED_Init();  
 157:Src/stm32f0xx_it.c **** }
 135              		.loc 1 157 0
 136              		@ sp needed
 137 0000 7047     		bx	lr
 138              		.cfi_endproc
 139              	.LFE45:
ARM GAS  C:\Users\bnusw\AppData\Local\Temp\cc8DJlfi.s 			page 6


 141              		.global	sleep_timer
 142              		.global	timer3
 143 0002 C046     		.section	.bss.sleep_timer,"aw",%nobits
 144              		.align	1
 147              	sleep_timer:
 148 0000 0000     		.space	2
 149              		.section	.bss.timer3,"aw",%nobits
 152              	timer3:
 153 0000 00       		.space	1
 154              		.text
 155              	.Letext0:
 156              		.file 2 "c:\\program files (x86)\\gnu tools arm embedded\\5.4 2016q3\\arm-none-eabi\\include\\mach
 157              		.file 3 "c:\\program files (x86)\\gnu tools arm embedded\\5.4 2016q3\\arm-none-eabi\\include\\sys\
 158              		.file 4 "Drivers/STM32F0xx_HAL_Driver/Inc/stm32f0xx_hal.h"
ARM GAS  C:\Users\bnusw\AppData\Local\Temp\cc8DJlfi.s 			page 7


DEFINED SYMBOLS
                            *ABS*:00000000 stm32f0xx_it.c
C:\Users\bnusw\AppData\Local\Temp\cc8DJlfi.s:20     .text.NMI_Handler:00000000 $t
C:\Users\bnusw\AppData\Local\Temp\cc8DJlfi.s:25     .text.NMI_Handler:00000000 NMI_Handler
C:\Users\bnusw\AppData\Local\Temp\cc8DJlfi.s:40     .text.HardFault_Handler:00000000 $t
C:\Users\bnusw\AppData\Local\Temp\cc8DJlfi.s:45     .text.HardFault_Handler:00000000 HardFault_Handler
C:\Users\bnusw\AppData\Local\Temp\cc8DJlfi.s:59     .text.SVC_Handler:00000000 $t
C:\Users\bnusw\AppData\Local\Temp\cc8DJlfi.s:64     .text.SVC_Handler:00000000 SVC_Handler
C:\Users\bnusw\AppData\Local\Temp\cc8DJlfi.s:78     .text.PendSV_Handler:00000000 $t
C:\Users\bnusw\AppData\Local\Temp\cc8DJlfi.s:83     .text.PendSV_Handler:00000000 PendSV_Handler
C:\Users\bnusw\AppData\Local\Temp\cc8DJlfi.s:97     .text.SysTick_Handler:00000000 $t
C:\Users\bnusw\AppData\Local\Temp\cc8DJlfi.s:102    .text.SysTick_Handler:00000000 SysTick_Handler
C:\Users\bnusw\AppData\Local\Temp\cc8DJlfi.s:123    .text.EXTI4_15_IRQHandler:00000000 $t
C:\Users\bnusw\AppData\Local\Temp\cc8DJlfi.s:128    .text.EXTI4_15_IRQHandler:00000000 EXTI4_15_IRQHandler
C:\Users\bnusw\AppData\Local\Temp\cc8DJlfi.s:147    .bss.sleep_timer:00000000 sleep_timer
C:\Users\bnusw\AppData\Local\Temp\cc8DJlfi.s:152    .bss.timer3:00000000 timer3
C:\Users\bnusw\AppData\Local\Temp\cc8DJlfi.s:144    .bss.sleep_timer:00000000 $d
C:\Users\bnusw\AppData\Local\Temp\cc8DJlfi.s:153    .bss.timer3:00000000 $d
                     .debug_frame:00000010 $d

UNDEFINED SYMBOLS
HAL_IncTick
